#
# There is insufficient memory for the Java Runtime Environment to continue.
# Native memory allocation (malloc) failed to allocate 608336 bytes for Chunk::new
# Possible reasons:
#   The system is out of physical RAM or swap space
#   The process is running with CompressedOops enabled, and the Java Heap may be blocking the growth of the native heap
# Possible solutions:
#   Reduce memory load on the system
#   Increase physical memory or swap space
#   Check if swap backing store is full
#   Decrease Java heap size (-Xmx/-Xms)
#   Decrease number of Java threads
#   Decrease Java thread stack sizes (-Xss)
#   Set larger code cache with -XX:ReservedCodeCacheSize=
#   JVM is running with Unscaled Compressed Oops mode in which the Java heap is
#     placed in the first 4GB address space. The Java Heap base address is the
#     maximum limit for the native heap growth. Please use -XX:HeapBaseMinAddress
#     to set the Java Heap base and to place the Java Heap above 4GB virtual address.
# This output file may be truncated or incomplete.
#
#  Out of Memory Error (arena.cpp:189), pid=25924, tid=29128
#
# JRE version: Java(TM) SE Runtime Environment (17.0.13+10) (build 17.0.13+10-LTS-268)
# Java VM: Java HotSpot(TM) 64-Bit Server VM (17.0.13+10-LTS-268, mixed mode, sharing, tiered, compressed oops, compressed class ptrs, g1 gc, windows-amd64)
# No core dump will be written. Minidumps are not enabled by default on client versions of Windows
#

---------------  S U M M A R Y ------------

Command Line: -Xmx1g -XX:+IgnoreUnrecognizedVMOptions --add-opens=java.base/java.lang=ALL-UNNAMED --add-opens=java.base/java.lang.invoke=ALL-UNNAMED --add-opens=java.base/java.lang.reflect=ALL-UNNAMED --add-opens=java.base/java.io=ALL-UNNAMED --add-opens=java.base/java.net=ALL-UNNAMED --add-opens=java.base/java.nio=ALL-UNNAMED --add-opens=java.base/java.util=ALL-UNNAMED --add-opens=java.base/java.util.concurrent=ALL-UNNAMED --add-opens=java.base/java.util.concurrent.atomic=ALL-UNNAMED --add-opens=java.base/sun.nio.ch=ALL-UNNAMED --add-opens=java.base/sun.nio.cs=ALL-UNNAMED --add-opens=java.base/sun.security.action=ALL-UNNAMED --add-opens=java.base/sun.util.calendar=ALL-UNNAMED --add-opens=java.security.jgss/sun.security.krb5=ALL-UNNAMED -Djdk.reflect.useDirectMethodHandle=false org.apache.spark.deploy.SparkSubmit --master spark://localhost:7077 --packages org.apache.spark:spark-sql-kafka-0-10_2.12:3.4.1,com.datastax.spark:spark-cassandra-connector_2.12:3.4.1 spark_stream.py

Host: 12th Gen Intel(R) Core(TM) i5-1240P, 16 cores, 15G,  Windows 11 , 64 bit Build 26100 (10.0.26100.3323)
Time: Thu Apr  3 19:48:21 2025  Windows 11 , 64 bit Build 26100 (10.0.26100.3323) elapsed time: 16.274967 seconds (0d 0h 0m 16s)

---------------  T H R E A D  ---------------

Current thread (0x000001de7fe516a0):  JavaThread "C2 CompilerThread1" daemon [_thread_in_native, id=29128, stack(0x00000010a9300000,0x00000010a9400000)]


Current CompileTask:
C2:  16275 5813       4       java.net.URLStreamHandler::toExternalForm (156 bytes)

Stack: [0x00000010a9300000,0x00000010a9400000]
Native frames: (J=compiled Java code, j=interpreted, Vv=VM code, C=native code)
V  [jvm.dll+0x67a23a]
V  [jvm.dll+0x7da96d]
V  [jvm.dll+0x7dc2b3]
V  [jvm.dll+0x7dc923]
V  [jvm.dll+0x2450ef]
V  [jvm.dll+0xab793]
V  [jvm.dll+0xabd5c]
V  [jvm.dll+0x361d0f]
V  [jvm.dll+0x32c491]
V  [jvm.dll+0x32b92a]
V  [jvm.dll+0x21689f]
V  [jvm.dll+0x215ccf]
V  [jvm.dll+0x1a2980]
V  [jvm.dll+0x22616b]
V  [jvm.dll+0x22430b]
V  [jvm.dll+0x790a8c]
V  [jvm.dll+0x78af1a]
V  [jvm.dll+0x679125]
C  [ucrtbase.dll+0x37b0]
C  [KERNEL32.DLL+0x2e8d7]
C  [ntdll.dll+0xbbf6c]


---------------  P R O C E S S  ---------------

Threads class SMR info:
_java_thread_list=0x000001de01f64cd0, length=79, elements={
0x000001de19ba1e70, 0x000001de3829ebc0, 0x000001de3829f0a0, 0x000001de383272c0,
0x000001de383277a0, 0x000001de38327c80, 0x000001de3832c170, 0x000001de38336da0,
0x000001de3833a2e0, 0x000001de3833a800, 0x000001de385bec00, 0x000001de385bff10,
0x000001de387820b0, 0x000001de7fa95f80, 0x000001de7f9eedd0, 0x000001de383ed9d0,
0x000001de7f286dd0, 0x000001de7f2872e0, 0x000001de7f2877f0, 0x000001de7f285990,
0x000001de7f284550, 0x000001de7f2868c0, 0x000001de7f287d00, 0x000001de7f284a60,
0x000001de7f285480, 0x000001de7f284f70, 0x000001de7f285ea0, 0x000001de7f2863b0,
0x000001de7fd41ef0, 0x000001de7fd419e0, 0x000001de7fd414d0, 0x000001de7fd3f670,
0x000001de7fd42e20, 0x000001de7fd42910, 0x000001de7fd43330, 0x000001de7fd40fc0,
0x000001de7fd3fb80, 0x000001de7fd43840, 0x000001de7fd42400, 0x000001de7fd40090,
0x000001de7fd43d50, 0x000001de7fd405a0, 0x000001de7fd44260, 0x000001de7fd45190,
0x000001de7fd44770, 0x000001de7fd44c80, 0x000001de7fd465d0, 0x000001de7fd460c0,
0x000001de7fd46ae0, 0x000001de7fd46ff0, 0x000001de7fd456a0, 0x000001de7fd45bb0,
0x000001de7e09b3e0, 0x000001de7e099fa0, 0x000001de7e09be00, 0x000001de7e09aed0,
0x000001de7e099a90, 0x000001de7e09a4b0, 0x000001de7e09a9c0, 0x000001de7e09b8f0,
0x000001de7e099070, 0x000001de7e09cd30, 0x000001de7e099580, 0x000001de7e09e680,
0x000001de7e09d240, 0x000001de7e09d750, 0x000001de7e09eb90, 0x000001de7e09f5b0,
0x000001de7e09f0a0, 0x000001de7e0a09f0, 0x000001de7e09fac0, 0x000001de7e09e170,
0x000001de7e09dc60, 0x000001de7fe516a0, 0x000001de7e09ffd0, 0x000001de7fe53680,
0x000001de7fe52be0, 0x000001de7fe506b0, 0x000001de7fe51150
}

Java Threads: ( => current thread )
  0x000001de19ba1e70 JavaThread "main" [_thread_in_native, id=13456, stack(0x00000010a3300000,0x00000010a3400000)]
  0x000001de3829ebc0 JavaThread "Reference Handler" daemon [_thread_blocked, id=22372, stack(0x00000010a3a00000,0x00000010a3b00000)]
  0x000001de3829f0a0 JavaThread "Finalizer" daemon [_thread_blocked, id=4904, stack(0x00000010a3b00000,0x00000010a3c00000)]
  0x000001de383272c0 JavaThread "Signal Dispatcher" daemon [_thread_blocked, id=22476, stack(0x00000010a3c00000,0x00000010a3d00000)]
  0x000001de383277a0 JavaThread "Attach Listener" daemon [_thread_blocked, id=22692, stack(0x00000010a3d00000,0x00000010a3e00000)]
  0x000001de38327c80 JavaThread "Service Thread" daemon [_thread_blocked, id=20464, stack(0x00000010a3e00000,0x00000010a3f00000)]
  0x000001de3832c170 JavaThread "Monitor Deflation Thread" daemon [_thread_blocked, id=32636, stack(0x00000010a3f00000,0x00000010a4000000)]
  0x000001de38336da0 JavaThread "C2 CompilerThread0" daemon [_thread_in_native, id=7016, stack(0x00000010a4000000,0x00000010a4100000)]
  0x000001de3833a2e0 JavaThread "C1 CompilerThread0" daemon [_thread_blocked, id=13956, stack(0x00000010a4100000,0x00000010a4200000)]
  0x000001de3833a800 JavaThread "Sweeper thread" daemon [_thread_blocked, id=1476, stack(0x00000010a4200000,0x00000010a4300000)]
  0x000001de385bec00 JavaThread "Common-Cleaner" daemon [_thread_blocked, id=30304, stack(0x00000010a4500000,0x00000010a4600000)]
  0x000001de385bff10 JavaThread "Notification Thread" daemon [_thread_blocked, id=33404, stack(0x00000010a4600000,0x00000010a4700000)]
  0x000001de387820b0 JavaThread "org.apache.hadoop.fs.FileSystem$Statistics$StatisticsDataReferenceCleaner" daemon [_thread_blocked, id=19012, stack(0x00000010a5d00000,0x00000010a5e00000)]
  0x000001de7fa95f80 JavaThread "Thread-2" [_thread_in_native, id=27496, stack(0x00000010a5e00000,0x00000010a5f00000)]
  0x000001de7f9eedd0 JavaThread "redirect output" daemon [_thread_in_native, id=31544, stack(0x00000010a5f00000,0x00000010a6000000)]
  0x000001de383ed9d0 JavaThread "Thread-4" [_thread_in_Java, id=6612, stack(0x00000010a4300000,0x00000010a4400000)]
  0x000001de7f286dd0 JavaThread "rpc-boss-3-1" daemon [_thread_in_native, id=26520, stack(0x00000010a4400000,0x00000010a4500000)]
  0x000001de7f2872e0 JavaThread "dispatcher-event-loop-0" daemon [_thread_blocked, id=32912, stack(0x00000010a4900000,0x00000010a4a00000)]
  0x000001de7f2877f0 JavaThread "dispatcher-event-loop-1" daemon [_thread_blocked, id=32492, stack(0x00000010a4a00000,0x00000010a4b00000)]
  0x000001de7f285990 JavaThread "dispatcher-event-loop-2" daemon [_thread_blocked, id=21048, stack(0x00000010a5900000,0x00000010a5a00000)]
  0x000001de7f284550 JavaThread "dispatcher-event-loop-3" daemon [_thread_blocked, id=31800, stack(0x00000010a5a00000,0x00000010a5b00000)]
  0x000001de7f2868c0 JavaThread "dispatcher-event-loop-4" daemon [_thread_blocked, id=13244, stack(0x00000010a5b00000,0x00000010a5c00000)]
  0x000001de7f287d00 JavaThread "dispatcher-event-loop-5" daemon [_thread_blocked, id=28640, stack(0x00000010a5c00000,0x00000010a5d00000)]
  0x000001de7f284a60 JavaThread "dispatcher-event-loop-6" daemon [_thread_blocked, id=28468, stack(0x00000010a6000000,0x00000010a6100000)]
  0x000001de7f285480 JavaThread "dispatcher-event-loop-7" daemon [_thread_blocked, id=9548, stack(0x00000010a6100000,0x00000010a6200000)]
  0x000001de7f284f70 JavaThread "dispatcher-event-loop-8" daemon [_thread_blocked, id=19628, stack(0x00000010a6200000,0x00000010a6300000)]
  0x000001de7f285ea0 JavaThread "dispatcher-event-loop-9" daemon [_thread_blocked, id=9004, stack(0x00000010a6300000,0x00000010a6400000)]
  0x000001de7f2863b0 JavaThread "dispatcher-event-loop-10" daemon [_thread_blocked, id=7268, stack(0x00000010a6400000,0x00000010a6500000)]
  0x000001de7fd41ef0 JavaThread "dispatcher-event-loop-11" daemon [_thread_blocked, id=1576, stack(0x00000010a6500000,0x00000010a6600000)]
  0x000001de7fd419e0 JavaThread "dispatcher-event-loop-12" daemon [_thread_blocked, id=29236, stack(0x00000010a6600000,0x00000010a6700000)]
  0x000001de7fd414d0 JavaThread "dispatcher-event-loop-13" daemon [_thread_blocked, id=10584, stack(0x00000010a6700000,0x00000010a6800000)]
  0x000001de7fd3f670 JavaThread "dispatcher-event-loop-14" daemon [_thread_blocked, id=24272, stack(0x00000010a6800000,0x00000010a6900000)]
  0x000001de7fd42e20 JavaThread "dispatcher-event-loop-15" daemon [_thread_blocked, id=29888, stack(0x00000010a6900000,0x00000010a6a00000)]
  0x000001de7fd42910 JavaThread "Thread-5" [_thread_in_native, id=5692, stack(0x00000010a6a00000,0x00000010a6b00000)]
  0x000001de7fd43330 JavaThread "map-output-dispatcher-0" daemon [_thread_blocked, id=32836, stack(0x00000010a6c00000,0x00000010a6d00000)]
  0x000001de7fd40fc0 JavaThread "map-output-dispatcher-1" daemon [_thread_blocked, id=26744, stack(0x00000010a6d00000,0x00000010a6e00000)]
  0x000001de7fd3fb80 JavaThread "map-output-dispatcher-2" daemon [_thread_blocked, id=9740, stack(0x00000010a6e00000,0x00000010a6f00000)]
  0x000001de7fd43840 JavaThread "map-output-dispatcher-3" daemon [_thread_blocked, id=7036, stack(0x00000010a6f00000,0x00000010a7000000)]
  0x000001de7fd42400 JavaThread "map-output-dispatcher-4" daemon [_thread_blocked, id=19936, stack(0x00000010a7000000,0x00000010a7100000)]
  0x000001de7fd40090 JavaThread "map-output-dispatcher-5" daemon [_thread_blocked, id=20956, stack(0x00000010a7100000,0x00000010a7200000)]
  0x000001de7fd43d50 JavaThread "map-output-dispatcher-6" daemon [_thread_blocked, id=29136, stack(0x00000010a7200000,0x00000010a7300000)]
  0x000001de7fd405a0 JavaThread "map-output-dispatcher-7" daemon [_thread_blocked, id=30920, stack(0x00000010a7300000,0x00000010a7400000)]
  0x000001de7fd44260 JavaThread "dispatcher-BlockManagerMaster" daemon [_thread_blocked, id=12704, stack(0x00000010a7400000,0x00000010a7500000)]
  0x000001de7fd45190 JavaThread "dispatcher-BlockManagerEndpoint1" daemon [_thread_blocked, id=1296, stack(0x00000010a7500000,0x00000010a7600000)]
  0x000001de7fd44770 JavaThread "RemoteBlock-temp-file-clean-thread" daemon [_thread_blocked, id=26116, stack(0x00000010a7600000,0x00000010a7700000)]
  0x000001de7fd44c80 JavaThread "SparkUI-60" daemon [_thread_in_native, id=17592, stack(0x00000010a7700000,0x00000010a7800000)]
  0x000001de7fd465d0 JavaThread "SparkUI-61" daemon [_thread_in_native, id=24924, stack(0x00000010a7800000,0x00000010a7900000)]
  0x000001de7fd460c0 JavaThread "SparkUI-62" daemon [_thread_in_native, id=33308, stack(0x00000010a7900000,0x00000010a7a00000)]
  0x000001de7fd46ae0 JavaThread "SparkUI-63" daemon [_thread_in_native, id=20920, stack(0x00000010a7a00000,0x00000010a7b00000)]
  0x000001de7fd46ff0 JavaThread "SparkUI-64" daemon [_thread_in_native, id=31952, stack(0x00000010a7b00000,0x00000010a7c00000)]
  0x000001de7fd456a0 JavaThread "SparkUI-65" daemon [_thread_in_native, id=26568, stack(0x00000010a7c00000,0x00000010a7d00000)]
  0x000001de7fd45bb0 JavaThread "SparkUI-66" daemon [_thread_in_native, id=9336, stack(0x00000010a7d00000,0x00000010a7e00000)]
  0x000001de7e09b3e0 JavaThread "SparkUI-67" daemon [_thread_in_native, id=8160, stack(0x00000010a7e00000,0x00000010a7f00000)]
  0x000001de7e099fa0 JavaThread "SparkUI-68-acceptor-0@9bf8a15-ServerConnector@7787552{HTTP/1.1, (http/1.1)}{0.0.0.0:4040}" daemon [_thread_blocked, id=17948, stack(0x00000010a7f00000,0x00000010a8000000)]
  0x000001de7e09be00 JavaThread "SparkUI-69-acceptor-1@6dc67682-ServerConnector@7787552{HTTP/1.1, (http/1.1)}{0.0.0.0:4040}" daemon [_thread_in_native, id=22328, stack(0x00000010a8000000,0x00000010a8100000)]
  0x000001de7e09aed0 JavaThread "dispatcher-HeartbeatReceiver" daemon [_thread_blocked, id=24908, stack(0x00000010a6b00000,0x00000010a6c00000)]
  0x000001de7e099a90 JavaThread "heartbeat-receiver-event-loop-thread" daemon [_thread_blocked, id=28292, stack(0x00000010a8100000,0x00000010a8200000)]
  0x000001de7e09a4b0 JavaThread "netty-rpc-env-timeout" daemon [_thread_blocked, id=22176, stack(0x00000010a8200000,0x00000010a8300000)]
  0x000001de7e09a9c0 JavaThread "task-starvation-timer" daemon [_thread_blocked, id=26360, stack(0x00000010a8300000,0x00000010a8400000)]
  0x000001de7e09b8f0 JavaThread "task-abort-timer" daemon [_thread_blocked, id=29676, stack(0x00000010a8400000,0x00000010a8500000)]
  0x000001de7e099070 JavaThread "dispatcher-CoarseGrainedScheduler" daemon [_thread_blocked, id=21276, stack(0x00000010a8500000,0x00000010a8600000)]
  0x000001de7e09cd30 JavaThread "driver-revive-thread" daemon [_thread_blocked, id=9520, stack(0x00000010a8600000,0x00000010a8700000)]
  0x000001de7e099580 JavaThread "dag-scheduler-event-loop" daemon [_thread_blocked, id=14156, stack(0x00000010a8700000,0x00000010a8800000)]
  0x000001de7e09e680 JavaThread "driver-heartbeater" daemon [_thread_blocked, id=33212, stack(0x00000010a8800000,0x00000010a8900000)]
  0x000001de7e09d240 JavaThread "appclient-register-master-threadpool-0" daemon [_thread_blocked, id=29228, stack(0x00000010a8900000,0x00000010a8a00000)]
  0x000001de7e09d750 JavaThread "appclient-registration-retry-thread" daemon [_thread_blocked, id=29908, stack(0x00000010a8a00000,0x00000010a8b00000)]
  0x000001de7e09eb90 JavaThread "netty-rpc-connection-0" daemon [_thread_blocked, id=23220, stack(0x00000010a8b00000,0x00000010a8c00000)]
  0x000001de7e09f5b0 JavaThread "rpc-client-1-1" daemon [_thread_in_native, id=25456, stack(0x00000010a8c00000,0x00000010a8d00000)]
  0x000001de7e09f0a0 JavaThread "shuffle-boss-6-1" daemon [_thread_in_native, id=5968, stack(0x00000010a8e00000,0x00000010a8f00000)]
  0x000001de7e0a09f0 JavaThread "Spark Context Cleaner" daemon [_thread_blocked, id=23668, stack(0x00000010a8f00000,0x00000010a9000000)]
  0x000001de7e09fac0 JavaThread "context-cleaner-periodic-gc" daemon [_thread_blocked, id=28932, stack(0x00000010a9000000,0x00000010a9100000)]
  0x000001de7e09e170 JavaThread "spark-listener-group-appStatus" daemon [_thread_blocked, id=32236, stack(0x00000010a9100000,0x00000010a9200000)]
  0x000001de7e09dc60 JavaThread "spark-listener-group-executorManagement" daemon [_thread_blocked, id=1848, stack(0x00000010a9200000,0x00000010a9300000)]
=>0x000001de7fe516a0 JavaThread "C2 CompilerThread1" daemon [_thread_in_native, id=29128, stack(0x00000010a9300000,0x00000010a9400000)]
  0x000001de7e09ffd0 JavaThread "element-tracking-store-worker" daemon [_thread_blocked, id=5300, stack(0x00000010a9500000,0x00000010a9600000)]
  0x000001de7fe53680 JavaThread "C2 CompilerThread2" daemon [_thread_in_vm, id=10656, stack(0x00000010a4800000,0x00000010a4900000)]
  0x000001de7fe52be0 JavaThread "C1 CompilerThread1" daemon [_thread_blocked, id=18348, stack(0x00000010a9400000,0x00000010a9500000)]
  0x000001de7fe506b0 JavaThread "C1 CompilerThread2" daemon [_thread_blocked, id=19700, stack(0x00000010a9600000,0x00000010a9700000)]
  0x000001de7fe51150 JavaThread "C1 CompilerThread3" daemon [_thread_blocked, id=29084, stack(0x00000010a9700000,0x00000010a9800000)]

Other Threads:
  0x000001de3829a660 VMThread "VM Thread" [stack: 0x00000010a3900000,0x00000010a3a00000] [id=1560]
  0x000001de385c59e0 WatcherThread [stack: 0x00000010a4700000,0x00000010a4800000] [id=26176]
  0x000001de19bec490 GCTaskThread "GC Thread#0" [stack: 0x00000010a3400000,0x00000010a3500000] [id=15472]
  0x000001de7e6698c0 GCTaskThread "GC Thread#1" [stack: 0x00000010a4b00000,0x00000010a4c00000] [id=27956]
  0x000001de7ebb9600 GCTaskThread "GC Thread#2" [stack: 0x00000010a4c00000,0x00000010a4d00000] [id=32040]
  0x000001de7ed7fcd0 GCTaskThread "GC Thread#3" [stack: 0x00000010a4d00000,0x00000010a4e00000] [id=17640]
  0x000001de7ee04b90 GCTaskThread "GC Thread#4" [stack: 0x00000010a4e00000,0x00000010a4f00000] [id=15180]
  0x000001de7f738c00 GCTaskThread "GC Thread#5" [stack: 0x00000010a4f00000,0x00000010a5000000] [id=484]
  0x000001de0013fca0 GCTaskThread "GC Thread#6" [stack: 0x00000010a5000000,0x00000010a5100000] [id=14368]
  0x000001de7fe69ba0 GCTaskThread "GC Thread#7" [stack: 0x00000010a5100000,0x00000010a5200000] [id=22740]
  0x000001de7fe69e60 GCTaskThread "GC Thread#8" [stack: 0x00000010a5200000,0x00000010a5300000] [id=17856]
  0x000001de7fbb2120 GCTaskThread "GC Thread#9" [stack: 0x00000010a5300000,0x00000010a5400000] [id=14772]
  0x000001de7fbb18e0 GCTaskThread "GC Thread#10" [stack: 0x00000010a5400000,0x00000010a5500000] [id=10620]
  0x000001de7fbb31a0 GCTaskThread "GC Thread#11" [stack: 0x00000010a5500000,0x00000010a5600000] [id=24936]
  0x000001de7fbb2c20 GCTaskThread "GC Thread#12" [stack: 0x00000010a5600000,0x00000010a5700000] [id=27268]
  0x000001de19bf5450 ConcurrentGCThread "G1 Main Marker" [stack: 0x00000010a3500000,0x00000010a3600000] [id=23456]
  0x000001de19bf68e0 ConcurrentGCThread "G1 Conc#0" [stack: 0x00000010a3600000,0x00000010a3700000] [id=10548]
  0x000001de7fbb23e0 ConcurrentGCThread "G1 Conc#1" [stack: 0x00000010a5700000,0x00000010a5800000] [id=7660]
  0x000001de7fbb26a0 ConcurrentGCThread "G1 Conc#2" [stack: 0x00000010a5800000,0x00000010a5900000] [id=15752]
  0x000001de3814f1f0 ConcurrentGCThread "G1 Refine#0" [stack: 0x00000010a3700000,0x00000010a3800000] [id=16352]
  0x000001de381514f0 ConcurrentGCThread "G1 Service" [stack: 0x00000010a3800000,0x00000010a3900000] [id=33644]

Threads with active compile tasks:
C2 CompilerThread0    18341 5879       4       jdk.internal.org.objectweb.asm.MethodWriter::visitMethodInsn (191 bytes)
C2 CompilerThread1    18342 5813       4       java.net.URLStreamHandler::toExternalForm (156 bytes)

VM state: not at safepoint (normal execution)

VM Mutex/Monitor currently owned by a thread: None

Heap address: 0x00000000c0000000, size: 1024 MB, Compressed Oops mode: 32-bit

CDS archive(s) mapped at: [0x000001de39000000-0x000001de39bd0000-0x000001de39bd0000), size 12386304, SharedBaseAddress: 0x000001de39000000, ArchiveRelocationMode: 1.
Compressed class space mapped at: 0x000001de3a000000-0x000001de7a000000, reserved size: 1073741824
Narrow klass base: 0x000001de39000000, Narrow klass shift: 0, Narrow klass range: 0x100000000

GC Precious Log:
 CPUs: 16 total, 16 available
 Memory: 16059M
 Large Page Support: Disabled
 NUMA Support: Disabled
 Compressed Oops: Enabled (32-bit)
 Heap Region Size: 1M
 Heap Min Capacity: 8M
 Heap Initial Capacity: 252M
 Heap Max Capacity: 1G
 Pre-touch: Disabled
 Parallel Workers: 13
 Concurrent Workers: 3
 Concurrent Refinement Workers: 13
 Periodic GC: Disabled

Heap:
 garbage-first heap   total 96256K, used 72503K [0x00000000c0000000, 0x0000000100000000)
  region size 1024K, 32 young (32768K), 4 survivors (4096K)
 Metaspace       used 52532K, committed 52992K, reserved 1114112K
  class space    used 6577K, committed 6784K, reserved 1048576K

Heap Regions: E=young(eden), S=young(survivor), O=old, HS=humongous(starts), HC=humongous(continues), CS=collection set, F=free, OA=open archive, CA=closed archive, TAMS=top-at-mark-start (previous, next)
|   0|0x00000000c0000000, 0x00000000c0100000, 0x00000000c0100000|100%|HS|  |TAMS 0x00000000c0100000, 0x00000000c0000000| Complete 
|   1|0x00000000c0100000, 0x00000000c0200000, 0x00000000c0200000|100%|HS|  |TAMS 0x00000000c0200000, 0x00000000c0100000| Complete 
|   2|0x00000000c0200000, 0x00000000c0300000, 0x00000000c0300000|100%|HC|  |TAMS 0x00000000c0300000, 0x00000000c0200000| Complete 
|   3|0x00000000c0300000, 0x00000000c0400000, 0x00000000c0400000|100%|HS|  |TAMS 0x00000000c0400000, 0x00000000c0300000| Complete 
|   4|0x00000000c0400000, 0x00000000c0500000, 0x00000000c0500000|100%|HC|  |TAMS 0x00000000c0500000, 0x00000000c0400000| Complete 
|   5|0x00000000c0500000, 0x00000000c0600000, 0x00000000c0600000|100%|HC|  |TAMS 0x00000000c0600000, 0x00000000c0500000| Complete 
|   6|0x00000000c0600000, 0x00000000c0700000, 0x00000000c0700000|100%|HS|  |TAMS 0x00000000c0700000, 0x00000000c0600000| Complete 
|   7|0x00000000c0700000, 0x00000000c0800000, 0x00000000c0800000|100%|HS|  |TAMS 0x00000000c0800000, 0x00000000c0700000| Complete 
|   8|0x00000000c0800000, 0x00000000c0900000, 0x00000000c0900000|100%|HS|  |TAMS 0x00000000c0900000, 0x00000000c0800000| Complete 
|   9|0x00000000c0900000, 0x00000000c0a00000, 0x00000000c0a00000|100%|HS|  |TAMS 0x00000000c0a00000, 0x00000000c0900000| Complete 
|  10|0x00000000c0a00000, 0x00000000c0b00000, 0x00000000c0b00000|100%| O|  |TAMS 0x00000000c0b00000, 0x00000000c0a00000| Untracked 
|  11|0x00000000c0b00000, 0x00000000c0c00000, 0x00000000c0c00000|100%| O|  |TAMS 0x00000000c0c00000, 0x00000000c0b00000| Untracked 
|  12|0x00000000c0c00000, 0x00000000c0d00000, 0x00000000c0d00000|100%| O|  |TAMS 0x00000000c0d00000, 0x00000000c0c00000| Untracked 
|  13|0x00000000c0d00000, 0x00000000c0e00000, 0x00000000c0e00000|100%| O|  |TAMS 0x00000000c0e00000, 0x00000000c0d00000| Untracked 
|  14|0x00000000c0e00000, 0x00000000c0f00000, 0x00000000c0f00000|100%| O|  |TAMS 0x00000000c0f00000, 0x00000000c0e00000| Untracked 
|  15|0x00000000c0f00000, 0x00000000c1000000, 0x00000000c1000000|100%| O|  |TAMS 0x00000000c1000000, 0x00000000c0f00000| Untracked 
|  16|0x00000000c1000000, 0x00000000c1100000, 0x00000000c1100000|100%| O|  |TAMS 0x00000000c1100000, 0x00000000c1000000| Untracked 
|  17|0x00000000c1100000, 0x00000000c1200000, 0x00000000c1200000|100%| O|  |TAMS 0x00000000c1200000, 0x00000000c1100000| Untracked 
|  18|0x00000000c1200000, 0x00000000c1300000, 0x00000000c1300000|100%| O|  |TAMS 0x00000000c1300000, 0x00000000c1200000| Untracked 
|  19|0x00000000c1300000, 0x00000000c1400000, 0x00000000c1400000|100%| O|  |TAMS 0x00000000c1400000, 0x00000000c1300000| Untracked 
|  20|0x00000000c1400000, 0x00000000c1500000, 0x00000000c1500000|100%| O|  |TAMS 0x00000000c1500000, 0x00000000c1400000| Untracked 
|  21|0x00000000c1500000, 0x00000000c1600000, 0x00000000c1600000|100%|HS|  |TAMS 0x00000000c1600000, 0x00000000c1500000| Complete 
|  22|0x00000000c1600000, 0x00000000c1700000, 0x00000000c1700000|100%| O|  |TAMS 0x00000000c1700000, 0x00000000c1600000| Untracked 
|  23|0x00000000c1700000, 0x00000000c1800000, 0x00000000c1800000|100%| O|  |TAMS 0x00000000c1800000, 0x00000000c1700000| Untracked 
|  24|0x00000000c1800000, 0x00000000c1900000, 0x00000000c1900000|100%| O|  |TAMS 0x00000000c1900000, 0x00000000c1800000| Untracked 
|  25|0x00000000c1900000, 0x00000000c1a00000, 0x00000000c1a00000|100%| O|  |TAMS 0x00000000c1a00000, 0x00000000c1900000| Untracked 
|  26|0x00000000c1a00000, 0x00000000c1b00000, 0x00000000c1b00000|100%| O|  |TAMS 0x00000000c1b00000, 0x00000000c1a00000| Untracked 
|  27|0x00000000c1b00000, 0x00000000c1c00000, 0x00000000c1c00000|100%| O|  |TAMS 0x00000000c1c00000, 0x00000000c1b00000| Untracked 
|  28|0x00000000c1c00000, 0x00000000c1d00000, 0x00000000c1d00000|100%| O|  |TAMS 0x00000000c1d00000, 0x00000000c1c00000| Untracked 
|  29|0x00000000c1d00000, 0x00000000c1e00000, 0x00000000c1e00000|100%| O|  |TAMS 0x00000000c1e00000, 0x00000000c1d00000| Untracked 
|  30|0x00000000c1e00000, 0x00000000c1f00000, 0x00000000c1f00000|100%| O|  |TAMS 0x00000000c1e43200, 0x00000000c1e00000| Untracked 
|  31|0x00000000c1f00000, 0x00000000c2000000, 0x00000000c2000000|100%|HS|  |TAMS 0x00000000c2000000, 0x00000000c1f00000| Complete 
|  32|0x00000000c2000000, 0x00000000c2100000, 0x00000000c2100000|100%|HC|  |TAMS 0x00000000c2100000, 0x00000000c2000000| Complete 
|  33|0x00000000c2100000, 0x00000000c2200000, 0x00000000c2200000|100%|HC|  |TAMS 0x00000000c2200000, 0x00000000c2100000| Complete 
|  34|0x00000000c2200000, 0x00000000c2300000, 0x00000000c2300000|100%|HS|  |TAMS 0x00000000c2300000, 0x00000000c2200000| Complete 
|  35|0x00000000c2300000, 0x00000000c2400000, 0x00000000c2400000|100%|HC|  |TAMS 0x00000000c2400000, 0x00000000c2300000| Complete 
|  36|0x00000000c2400000, 0x00000000c2500000, 0x00000000c2500000|100%| O|  |TAMS 0x00000000c2400000, 0x00000000c2400000| Untracked 
|  37|0x00000000c2500000, 0x00000000c2600000, 0x00000000c2600000|100%| O|  |TAMS 0x00000000c2500000, 0x00000000c2500000| Untracked 
|  38|0x00000000c2600000, 0x00000000c2700000, 0x00000000c2700000|100%| O|  |TAMS 0x00000000c2600000, 0x00000000c2600000| Untracked 
|  39|0x00000000c2700000, 0x00000000c2800000, 0x00000000c2800000|100%| O|  |TAMS 0x00000000c2700000, 0x00000000c2700000| Untracked 
|  40|0x00000000c2800000, 0x00000000c2900000, 0x00000000c2900000|100%| O|  |TAMS 0x00000000c2800000, 0x00000000c2800000| Untracked 
|  41|0x00000000c2900000, 0x00000000c29bbe00, 0x00000000c2a00000| 73%| O|  |TAMS 0x00000000c2900000, 0x00000000c2900000| Untracked 
|  42|0x00000000c2a00000, 0x00000000c2a00000, 0x00000000c2b00000|  0%| F|  |TAMS 0x00000000c2a00000, 0x00000000c2a00000| Untracked 
|  43|0x00000000c2b00000, 0x00000000c2b00000, 0x00000000c2c00000|  0%| F|  |TAMS 0x00000000c2b00000, 0x00000000c2b00000| Untracked 
|  44|0x00000000c2c00000, 0x00000000c2c00000, 0x00000000c2d00000|  0%| F|  |TAMS 0x00000000c2c00000, 0x00000000c2c00000| Untracked 
|  45|0x00000000c2d00000, 0x00000000c2d00000, 0x00000000c2e00000|  0%| F|  |TAMS 0x00000000c2d00000, 0x00000000c2d00000| Untracked 
|  46|0x00000000c2e00000, 0x00000000c2e00000, 0x00000000c2f00000|  0%| F|  |TAMS 0x00000000c2e00000, 0x00000000c2e00000| Untracked 
|  47|0x00000000c2f00000, 0x00000000c2f00000, 0x00000000c3000000|  0%| F|  |TAMS 0x00000000c2f00000, 0x00000000c2f00000| Untracked 
|  48|0x00000000c3000000, 0x00000000c3000000, 0x00000000c3100000|  0%| F|  |TAMS 0x00000000c3000000, 0x00000000c3000000| Untracked 
|  49|0x00000000c3100000, 0x00000000c3100000, 0x00000000c3200000|  0%| F|  |TAMS 0x00000000c3100000, 0x00000000c3100000| Untracked 
|  50|0x00000000c3200000, 0x00000000c3200000, 0x00000000c3300000|  0%| F|  |TAMS 0x00000000c3200000, 0x00000000c3200000| Untracked 
|  51|0x00000000c3300000, 0x00000000c3300000, 0x00000000c3400000|  0%| F|  |TAMS 0x00000000c3300000, 0x00000000c3300000| Untracked 
|  52|0x00000000c3400000, 0x00000000c3400000, 0x00000000c3500000|  0%| F|  |TAMS 0x00000000c3400000, 0x00000000c3400000| Untracked 
|  53|0x00000000c3500000, 0x00000000c3500000, 0x00000000c3600000|  0%| F|  |TAMS 0x00000000c3500000, 0x00000000c3500000| Untracked 
|  54|0x00000000c3600000, 0x00000000c3600000, 0x00000000c3700000|  0%| F|  |TAMS 0x00000000c3600000, 0x00000000c3600000| Untracked 
|  55|0x00000000c3700000, 0x00000000c3700000, 0x00000000c3800000|  0%| F|  |TAMS 0x00000000c3700000, 0x00000000c3700000| Untracked 
|  56|0x00000000c3800000, 0x00000000c3800000, 0x00000000c3900000|  0%| F|  |TAMS 0x00000000c3800000, 0x00000000c3800000| Untracked 
|  57|0x00000000c3900000, 0x00000000c3900000, 0x00000000c3a00000|  0%| F|  |TAMS 0x00000000c3900000, 0x00000000c3900000| Untracked 
|  58|0x00000000c3a00000, 0x00000000c3a00000, 0x00000000c3b00000|  0%| F|  |TAMS 0x00000000c3a00000, 0x00000000c3a00000| Untracked 
|  59|0x00000000c3b00000, 0x00000000c3b00000, 0x00000000c3c00000|  0%| F|  |TAMS 0x00000000c3b00000, 0x00000000c3b00000| Untracked 
|  60|0x00000000c3c00000, 0x00000000c3c11f30, 0x00000000c3d00000|  7%| S|CS|TAMS 0x00000000c3c00000, 0x00000000c3c00000| Complete 
|  61|0x00000000c3d00000, 0x00000000c3e00000, 0x00000000c3e00000|100%| S|CS|TAMS 0x00000000c3d00000, 0x00000000c3d00000| Complete 
|  62|0x00000000c3e00000, 0x00000000c3e00000, 0x00000000c3f00000|  0%| F|  |TAMS 0x00000000c3e00000, 0x00000000c3e00000| Untracked 
|  63|0x00000000c3f00000, 0x00000000c3f00000, 0x00000000c4000000|  0%| F|  |TAMS 0x00000000c3f00000, 0x00000000c3f00000| Untracked 
|  64|0x00000000c4000000, 0x00000000c4100000, 0x00000000c4100000|100%| S|CS|TAMS 0x00000000c4000000, 0x00000000c4000000| Complete 
|  65|0x00000000c4100000, 0x00000000c4200000, 0x00000000c4200000|100%| S|CS|TAMS 0x00000000c4100000, 0x00000000c4100000| Complete 
|  66|0x00000000c4200000, 0x00000000c42a9c30, 0x00000000c4300000| 66%| E|  |TAMS 0x00000000c4200000, 0x00000000c4200000| Complete 
|  67|0x00000000c4300000, 0x00000000c4400000, 0x00000000c4400000|100%| E|CS|TAMS 0x00000000c4300000, 0x00000000c4300000| Complete 
|  68|0x00000000c4400000, 0x00000000c4500000, 0x00000000c4500000|100%| E|CS|TAMS 0x00000000c4400000, 0x00000000c4400000| Complete 
|  69|0x00000000c4500000, 0x00000000c4600000, 0x00000000c4600000|100%| E|CS|TAMS 0x00000000c4500000, 0x00000000c4500000| Complete 
|  70|0x00000000c4600000, 0x00000000c4700000, 0x00000000c4700000|100%| E|CS|TAMS 0x00000000c4600000, 0x00000000c4600000| Complete 
|  71|0x00000000c4700000, 0x00000000c4800000, 0x00000000c4800000|100%| E|CS|TAMS 0x00000000c4700000, 0x00000000c4700000| Complete 
|  72|0x00000000c4800000, 0x00000000c4900000, 0x00000000c4900000|100%| E|CS|TAMS 0x00000000c4800000, 0x00000000c4800000| Complete 
|  73|0x00000000c4900000, 0x00000000c4a00000, 0x00000000c4a00000|100%| E|CS|TAMS 0x00000000c4900000, 0x00000000c4900000| Complete 
|  74|0x00000000c4a00000, 0x00000000c4b00000, 0x00000000c4b00000|100%| E|  |TAMS 0x00000000c4a00000, 0x00000000c4a00000| Complete 
|  75|0x00000000c4b00000, 0x00000000c4c00000, 0x00000000c4c00000|100%| E|CS|TAMS 0x00000000c4b00000, 0x00000000c4b00000| Complete 
|  76|0x00000000c4c00000, 0x00000000c4d00000, 0x00000000c4d00000|100%| E|CS|TAMS 0x00000000c4c00000, 0x00000000c4c00000| Complete 
|  77|0x00000000c4d00000, 0x00000000c4e00000, 0x00000000c4e00000|100%| E|CS|TAMS 0x00000000c4d00000, 0x00000000c4d00000| Complete 
|  78|0x00000000c4e00000, 0x00000000c4f00000, 0x00000000c4f00000|100%| E|CS|TAMS 0x00000000c4e00000, 0x00000000c4e00000| Complete 
|  79|0x00000000c4f00000, 0x00000000c5000000, 0x00000000c5000000|100%| E|CS|TAMS 0x00000000c4f00000, 0x00000000c4f00000| Complete 
|  80|0x00000000c5000000, 0x00000000c5100000, 0x00000000c5100000|100%| E|CS|TAMS 0x00000000c5000000, 0x00000000c5000000| Complete 
|  81|0x00000000c5100000, 0x00000000c5200000, 0x00000000c5200000|100%| E|CS|TAMS 0x00000000c5100000, 0x00000000c5100000| Complete 
|  82|0x00000000c5200000, 0x00000000c5300000, 0x00000000c5300000|100%| E|CS|TAMS 0x00000000c5200000, 0x00000000c5200000| Complete 
|  83|0x00000000c5300000, 0x00000000c5400000, 0x00000000c5400000|100%| E|CS|TAMS 0x00000000c5300000, 0x00000000c5300000| Complete 
|  84|0x00000000c5400000, 0x00000000c5500000, 0x00000000c5500000|100%| E|CS|TAMS 0x00000000c5400000, 0x00000000c5400000| Complete 
|  85|0x00000000c5500000, 0x00000000c5600000, 0x00000000c5600000|100%| E|CS|TAMS 0x00000000c5500000, 0x00000000c5500000| Complete 
|  86|0x00000000c5600000, 0x00000000c5700000, 0x00000000c5700000|100%| E|CS|TAMS 0x00000000c5600000, 0x00000000c5600000| Complete 
|  87|0x00000000c5700000, 0x00000000c5800000, 0x00000000c5800000|100%| E|CS|TAMS 0x00000000c5700000, 0x00000000c5700000| Complete 
| 212|0x00000000cd400000, 0x00000000cd500000, 0x00000000cd500000|100%| E|CS|TAMS 0x00000000cd400000, 0x00000000cd400000| Complete 
| 213|0x00000000cd500000, 0x00000000cd600000, 0x00000000cd600000|100%| E|CS|TAMS 0x00000000cd500000, 0x00000000cd500000| Complete 
| 214|0x00000000cd600000, 0x00000000cd700000, 0x00000000cd700000|100%| E|CS|TAMS 0x00000000cd600000, 0x00000000cd600000| Complete 
| 215|0x00000000cd700000, 0x00000000cd800000, 0x00000000cd800000|100%| E|CS|TAMS 0x00000000cd700000, 0x00000000cd700000| Complete 
| 216|0x00000000cd800000, 0x00000000cd900000, 0x00000000cd900000|100%| E|CS|TAMS 0x00000000cd800000, 0x00000000cd800000| Complete 
| 251|0x00000000cfb00000, 0x00000000cfc00000, 0x00000000cfc00000|100%| E|CS|TAMS 0x00000000cfb00000, 0x00000000cfb00000| Complete 

Card table byte_map: [0x000001de32ed0000,0x000001de330d0000] _byte_map_base: 0x000001de328d0000

Marking Bits (Prev, Next): (CMBitMap*) 0x000001de19bec9c0, (CMBitMap*) 0x000001de19beca00
 Prev Bits: [0x000001de332d0000, 0x000001de342d0000)
 Next Bits: [0x000001de342d0000, 0x000001de352d0000)

Polling page: 0x000001de19c60000

Metaspace:

Usage:
  Non-class:     44.89 MB used.
      Class:      6.43 MB used.
       Both:     51.32 MB used.

Virtual space:
  Non-class space:       64.00 MB reserved,      45.12 MB ( 71%) committed,  1 nodes.
      Class space:        1.00 GB reserved,       6.62 MB ( <1%) committed,  1 nodes.
             Both:        1.06 GB reserved,      51.75 MB (  5%) committed. 

Chunk freelists:
   Non-Class:  1.97 MB
       Class:  9.34 MB
        Both:  11.31 MB

MaxMetaspaceSize: unlimited
CompressedClassSpaceSize: 1.00 GB
Initial GC threshold: 21.00 MB
Current GC threshold: 59.19 MB
CDS: on
MetaspaceReclaimPolicy: balanced
 - commit_granule_bytes: 65536.
 - commit_granule_words: 8192.
 - virtual_space_node_default_size: 8388608.
 - enlarge_chunks_in_place: 1.
 - new_chunks_are_fully_committed: 0.
 - uncommit_free_chunks: 1.
 - use_allocation_guard: 0.
 - handle_deallocations: 1.


Internal statistics:

num_allocs_failed_limit: 6.
num_arena_births: 542.
num_arena_deaths: 0.
num_vsnodes_births: 2.
num_vsnodes_deaths: 0.
num_space_committed: 828.
num_space_uncommitted: 0.
num_chunks_returned_to_freelist: 6.
num_chunks_taken_from_freelist: 2298.
num_chunk_merges: 3.
num_chunk_splits: 1631.
num_chunks_enlarged: 1267.
num_inconsistent_stats: 0.

CodeHeap 'non-profiled nmethods': size=119168Kb used=2842Kb max_used=2842Kb free=116326Kb
 bounds [0x000001de2a9a0000, 0x000001de2ac70000, 0x000001de31e00000]
CodeHeap 'profiled nmethods': size=119104Kb used=10846Kb max_used=10846Kb free=108257Kb
 bounds [0x000001de22e00000, 0x000001de238a0000, 0x000001de2a250000]
CodeHeap 'non-nmethods': size=7488Kb used=3064Kb max_used=3080Kb free=4423Kb
 bounds [0x000001de2a250000, 0x000001de2a5d0000, 0x000001de2a9a0000]
 total_blobs=5919 nmethods=5192 adapters=635
 compilation: enabled
              stopped_count=0, restarted_count=0
 full_count=0

Compilation events (20 events):
Event: 14.130 Thread 0x000001de7fe50c00 5807       3       java.util.logging.Logger::fine (9 bytes)
Event: 14.130 Thread 0x000001de7fe50c00 nmethod 5807 0x000001de23880f10 code [0x000001de238810c0, 0x000001de23881288]
Event: 14.130 Thread 0x000001de3833a2e0 nmethod 5806 0x000001de23881310 code [0x000001de238814e0, 0x000001de238817d8]
Event: 14.132 Thread 0x000001de7fe50c00 5808       3       java.util.ArrayList::toArray (12 bytes)
Event: 14.132 Thread 0x000001de7fe50c00 nmethod 5808 0x000001de23881910 code [0x000001de23881ac0, 0x000001de23881ca8]
Event: 14.149 Thread 0x000001de3833a2e0 5809       1       scala.collection.immutable.Vector::endIndex (5 bytes)
Event: 14.149 Thread 0x000001de3833a2e0 nmethod 5809 0x000001de2ac5df10 code [0x000001de2ac5e0a0, 0x000001de2ac5e178]
Event: 14.194 Thread 0x000001de7fe51bf0 5810       4       java.io.ByteArrayOutputStream::ensureCapacity (32 bytes)
Event: 14.197 Thread 0x000001de7fe51bf0 nmethod 5810 0x000001de2ac5e210 code [0x000001de2ac5e3a0, 0x000001de2ac5e7b8]
Event: 14.202 Thread 0x000001de38336da0 5811       4       java.util.ArrayDeque::addLast (51 bytes)
Event: 14.203 Thread 0x000001de38336da0 nmethod 5811 0x000001de2ac5e910 code [0x000001de2ac5eaa0, 0x000001de2ac5ecc8]
Event: 14.211 Thread 0x000001de7fe50c00 5812       3       java.lang.Package$VersionInfo::<init> (44 bytes)
Event: 14.211 Thread 0x000001de7fe50c00 nmethod 5812 0x000001de23881d90 code [0x000001de23881f40, 0x000001de23882338]
Event: 14.232 Thread 0x000001de7fe516a0 5813       4       java.net.URLStreamHandler::toExternalForm (156 bytes)
Event: 14.234 Thread 0x000001de3833a2e0 5814       3       java.lang.PublicMethods::toArray (76 bytes)
Event: 14.234 Thread 0x000001de3833a2e0 nmethod 5814 0x000001de23882410 code [0x000001de23882620, 0x000001de23882f18]
Event: 14.239 Thread 0x000001de3833a2e0 5815   !   3       jdk.internal.reflect.NativeMethodAccessorImpl::invoke (137 bytes)
Event: 14.240 Thread 0x000001de3833a2e0 nmethod 5815 0x000001de23883190 code [0x000001de238833e0, 0x000001de23884048]
Event: 14.243 Thread 0x000001de3833a2e0 5816       3       java.util.WeakHashMap::remove (131 bytes)
Event: 14.244 Thread 0x000001de3833a2e0 nmethod 5816 0x000001de23884590 code [0x000001de238847e0, 0x000001de23885358]

GC Heap History (20 events):
Event: 0.628 GC heap before
{Heap before GC invocations=0 (full 0):
 garbage-first heap   total 258048K, used 32768K [0x00000000c0000000, 0x0000000100000000)
  region size 1024K, 23 young (23552K), 0 survivors (0K)
 Metaspace       used 3201K, committed 3328K, reserved 1114112K
  class space    used 235K, committed 320K, reserved 1048576K
}
Event: 0.633 GC heap after
{Heap after GC invocations=1 (full 0):
 garbage-first heap   total 258048K, used 22102K [0x00000000c0000000, 0x0000000100000000)
  region size 1024K, 3 young (3072K), 3 survivors (3072K)
 Metaspace       used 3201K, committed 3328K, reserved 1114112K
  class space    used 235K, committed 320K, reserved 1048576K
}
Event: 1.362 GC heap before
{Heap before GC invocations=1 (full 0):
 garbage-first heap   total 258048K, used 42582K [0x00000000c0000000, 0x0000000100000000)
  region size 1024K, 23 young (23552K), 3 survivors (3072K)
 Metaspace       used 9785K, committed 9920K, reserved 1114112K
  class space    used 1338K, committed 1408K, reserved 1048576K
}
Event: 1.365 GC heap after
{Heap after GC invocations=2 (full 0):
 garbage-first heap   total 258048K, used 24017K [0x00000000c0000000, 0x0000000100000000)
  region size 1024K, 2 young (2048K), 2 survivors (2048K)
 Metaspace       used 9785K, committed 9920K, reserved 1114112K
  class space    used 1338K, committed 1408K, reserved 1048576K
}
Event: 2.516 GC heap before
{Heap before GC invocations=2 (full 0):
 garbage-first heap   total 258048K, used 56785K [0x00000000c0000000, 0x0000000100000000)
  region size 1024K, 35 young (35840K), 2 survivors (2048K)
 Metaspace       used 21337K, committed 21504K, reserved 1114112K
  class space    used 2931K, committed 3008K, reserved 1048576K
}
Event: 2.523 GC heap after
{Heap after GC invocations=3 (full 0):
 garbage-first heap   total 258048K, used 27542K [0x00000000c0000000, 0x0000000100000000)
  region size 1024K, 5 young (5120K), 5 survivors (5120K)
 Metaspace       used 21337K, committed 21504K, reserved 1114112K
  class space    used 2931K, committed 3008K, reserved 1048576K
}
Event: 3.664 GC heap before
{Heap before GC invocations=4 (full 0):
 garbage-first heap   total 96256K, used 74646K [0x00000000c0000000, 0x0000000100000000)
  region size 1024K, 52 young (53248K), 5 survivors (5120K)
 Metaspace       used 23280K, committed 23552K, reserved 1114112K
  class space    used 3058K, committed 3200K, reserved 1048576K
}
Event: 3.674 GC heap after
{Heap after GC invocations=5 (full 0):
 garbage-first heap   total 96256K, used 30959K [0x00000000c0000000, 0x0000000100000000)
  region size 1024K, 7 young (7168K), 7 survivors (7168K)
 Metaspace       used 23280K, committed 23552K, reserved 1114112K
  class space    used 3058K, committed 3200K, reserved 1048576K
}
Event: 3.694 GC heap before
{Heap before GC invocations=5 (full 0):
 garbage-first heap   total 96256K, used 31983K [0x00000000c0000000, 0x0000000100000000)
  region size 1024K, 8 young (8192K), 7 survivors (7168K)
 Metaspace       used 23280K, committed 23552K, reserved 1114112K
  class space    used 3058K, committed 3200K, reserved 1048576K
}
Event: 3.705 GC heap after
{Heap after GC invocations=6 (full 0):
 garbage-first heap   total 96256K, used 30708K [0x00000000c0000000, 0x0000000100000000)
  region size 1024K, 1 young (1024K), 1 survivors (1024K)
 Metaspace       used 23280K, committed 23552K, reserved 1114112K
  class space    used 3058K, committed 3200K, reserved 1048576K
}
Event: 4.234 GC heap before
{Heap before GC invocations=6 (full 0):
 garbage-first heap   total 96256K, used 62452K [0x00000000c0000000, 0x0000000100000000)
  region size 1024K, 32 young (32768K), 1 survivors (1024K)
 Metaspace       used 23522K, committed 23744K, reserved 1114112K
  class space    used 3071K, committed 3200K, reserved 1048576K
}
Event: 4.238 GC heap after
{Heap after GC invocations=7 (full 0):
 garbage-first heap   total 96256K, used 30832K [0x00000000c0000000, 0x0000000100000000)
  region size 1024K, 1 young (1024K), 1 survivors (1024K)
 Metaspace       used 23522K, committed 23744K, reserved 1114112K
  class space    used 3071K, committed 3200K, reserved 1048576K
}
Event: 7.259 GC heap before
{Heap before GC invocations=7 (full 0):
 garbage-first heap   total 96256K, used 72816K [0x00000000c0000000, 0x0000000100000000)
  region size 1024K, 36 young (36864K), 1 survivors (1024K)
 Metaspace       used 30165K, committed 30528K, reserved 1114112K
  class space    used 3830K, committed 4032K, reserved 1048576K
}
Event: 7.262 GC heap after
{Heap after GC invocations=8 (full 0):
 garbage-first heap   total 96256K, used 40117K [0x00000000c0000000, 0x0000000100000000)
  region size 1024K, 4 young (4096K), 4 survivors (4096K)
 Metaspace       used 30165K, committed 30528K, reserved 1114112K
  class space    used 3830K, committed 4032K, reserved 1048576K
}
Event: 7.995 GC heap before
{Heap before GC invocations=8 (full 0):
 garbage-first heap   total 96256K, used 60597K [0x00000000c0000000, 0x0000000100000000)
  region size 1024K, 25 young (25600K), 4 survivors (4096K)
 Metaspace       used 35927K, committed 36288K, reserved 1114112K
  class space    used 4547K, committed 4736K, reserved 1048576K
}
Event: 7.999 GC heap after
{Heap after GC invocations=9 (full 0):
 garbage-first heap   total 96256K, used 42785K [0x00000000c0000000, 0x0000000100000000)
  region size 1024K, 3 young (3072K), 3 survivors (3072K)
 Metaspace       used 35927K, committed 36288K, reserved 1114112K
  class space    used 4547K, committed 4736K, reserved 1048576K
}
Event: 8.866 GC heap before
{Heap before GC invocations=10 (full 0):
 garbage-first heap   total 96256K, used 69409K [0x00000000c0000000, 0x0000000100000000)
  region size 1024K, 30 young (30720K), 3 survivors (3072K)
 Metaspace       used 41792K, committed 42176K, reserved 1114112K
  class space    used 5338K, committed 5568K, reserved 1048576K
}
Event: 8.871 GC heap after
{Heap after GC invocations=11 (full 0):
 garbage-first heap   total 96256K, used 44609K [0x00000000c0000000, 0x0000000100000000)
  region size 1024K, 2 young (2048K), 2 survivors (2048K)
 Metaspace       used 41792K, committed 42176K, reserved 1114112K
  class space    used 5338K, committed 5568K, reserved 1048576K
}
Event: 12.721 GC heap before
{Heap before GC invocations=11 (full 0):
 garbage-first heap   total 96256K, used 72257K [0x00000000c0000000, 0x0000000100000000)
  region size 1024K, 30 young (30720K), 2 survivors (2048K)
 Metaspace       used 48015K, committed 48448K, reserved 1114112K
  class space    used 6048K, committed 6208K, reserved 1048576K
}
Event: 12.724 GC heap after
{Heap after GC invocations=12 (full 0):
 garbage-first heap   total 96256K, used 45879K [0x00000000c0000000, 0x0000000100000000)
  region size 1024K, 4 young (4096K), 4 survivors (4096K)
 Metaspace       used 48015K, committed 48448K, reserved 1114112K
  class space    used 6048K, committed 6208K, reserved 1048576K
}

Deoptimization events (20 events):
Event: 12.442 Thread 0x000001de7e09f5b0 DEOPT PACKING pc=0x000001de2aa4206c sp=0x00000010a8cfde30
Event: 12.442 Thread 0x000001de7e09f5b0 DEOPT UNPACKING pc=0x000001de2a2a23a3 sp=0x00000010a8cfdd78 mode 2
Event: 12.442 Thread 0x000001de7e09f5b0 Uncommon trap: trap_request=0xffffffde fr.pc=0x000001de2aa4206c relative=0x000000000000112c
Event: 12.442 Thread 0x000001de7e09f5b0 Uncommon trap: reason=class_check action=maybe_recompile pc=0x000001de2aa4206c method=java.io.DataInputStream.readFully([BII)V @ 30 c2
Event: 12.442 Thread 0x000001de7e09f5b0 DEOPT PACKING pc=0x000001de2aa4206c sp=0x00000010a8cfde20
Event: 12.442 Thread 0x000001de7e09f5b0 DEOPT UNPACKING pc=0x000001de2a2a23a3 sp=0x00000010a8cfdd68 mode 2
Event: 12.442 Thread 0x000001de7e09f5b0 Uncommon trap: trap_request=0xffffffde fr.pc=0x000001de2aa4206c relative=0x000000000000112c
Event: 12.442 Thread 0x000001de7e09f5b0 Uncommon trap: reason=class_check action=maybe_recompile pc=0x000001de2aa4206c method=java.io.DataInputStream.readFully([BII)V @ 30 c2
Event: 12.442 Thread 0x000001de7e09f5b0 DEOPT PACKING pc=0x000001de2aa4206c sp=0x00000010a8cfde90
Event: 12.442 Thread 0x000001de7e09f5b0 DEOPT UNPACKING pc=0x000001de2a2a23a3 sp=0x00000010a8cfddd8 mode 2
Event: 12.495 Thread 0x000001de7e09f5b0 Uncommon trap: trap_request=0xffffffde fr.pc=0x000001de2aa4206c relative=0x000000000000112c
Event: 12.495 Thread 0x000001de7e09f5b0 Uncommon trap: reason=class_check action=maybe_recompile pc=0x000001de2aa4206c method=java.io.DataInputStream.readFully([BII)V @ 30 c2
Event: 12.495 Thread 0x000001de7e09f5b0 DEOPT PACKING pc=0x000001de2aa4206c sp=0x00000010a8cfde30
Event: 12.495 Thread 0x000001de7e09f5b0 DEOPT UNPACKING pc=0x000001de2a2a23a3 sp=0x00000010a8cfdd78 mode 2
Event: 12.875 Thread 0x000001de383ed9d0 DEOPT PACKING pc=0x000001de236cdf2c sp=0x00000010a43fd500
Event: 12.875 Thread 0x000001de383ed9d0 DEOPT UNPACKING pc=0x000001de2a2a2b43 sp=0x00000010a43fc9f0 mode 0
Event: 12.933 Thread 0x000001de383ed9d0 Uncommon trap: trap_request=0xffffff45 fr.pc=0x000001de2a9ee820 relative=0x0000000000000cc0
Event: 12.933 Thread 0x000001de383ed9d0 Uncommon trap: reason=unstable_if action=reinterpret pc=0x000001de2a9ee820 method=java.util.WeakHashMap.remove(Ljava/lang/Object;)Ljava/lang/Object; @ 92 c2
Event: 12.933 Thread 0x000001de383ed9d0 DEOPT PACKING pc=0x000001de2a9ee820 sp=0x00000010a43fddb0
Event: 12.934 Thread 0x000001de383ed9d0 DEOPT UNPACKING pc=0x000001de2a2a23a3 sp=0x00000010a43fdd70 mode 2

Classes unloaded (0 events):
No events

Classes redefined (0 events):
No events

Internal exceptions (20 events):
Event: 12.322 Thread 0x000001de7e09d240 Exception <a 'java/lang/NoSuchMethodError'{0x00000000c4dfd9e0}: static Lorg/apache/spark/deploy/ApplicationDescription;.<clinit>()V> (0x00000000c4dfd9e0) 
thrown [s\open\src\hotspot\share\prims\jni.cpp, line 1112]
Event: 12.323 Thread 0x000001de7e09d240 Exception <a 'java/lang/NoSuchMethodError'{0x00000000c4c11350}: static Lorg/apache/spark/deploy/Command;.<clinit>()V> (0x00000000c4c11350) 
thrown [s\open\src\hotspot\share\prims\jni.cpp, line 1112]
Event: 12.363 Thread 0x000001de7e09d240 Exception <a 'java/lang/NoSuchMethodError'{0x00000000c4bb1b70}: static [Ljava/lang/Object;.<clinit>()V> (0x00000000c4bb1b70) 
thrown [s\open\src\hotspot\share\prims\jni.cpp, line 1112]
Event: 12.364 Thread 0x000001de7e09d240 Exception <a 'java/lang/NoSuchMethodError'{0x00000000c4bc1b68}: static Lorg/apache/spark/resource/ResourceProfile;.<clinit>()V> (0x00000000c4bc1b68) 
thrown [s\open\src\hotspot\share\prims\jni.cpp, line 1112]
Event: 12.370 Thread 0x000001de7e09d240 Exception <a 'java/lang/NoSuchMethodError'{0x00000000c4a194b8}: static Lorg/apache/spark/resource/ExecutorResourceRequest;.<clinit>()V> (0x00000000c4a194b8) 
thrown [s\open\src\hotspot\share\prims\jni.cpp, line 1112]
Event: 12.371 Thread 0x000001de7e09d240 Exception <a 'java/lang/NoSuchMethodError'{0x00000000c4a23930}: static Lorg/apache/spark/resource/TaskResourceRequest;.<clinit>()V> (0x00000000c4a23930) 
thrown [s\open\src\hotspot\share\prims\jni.cpp, line 1112]
Event: 12.372 Thread 0x000001de7e09d240 Exception <a 'java/lang/NoSuchMethodError'{0x00000000c4a3afc0}: static Lorg/apache/spark/rpc/netty/NettyRpcEndpointRef;.<clinit>()V> (0x00000000c4a3afc0) 
thrown [s\open\src\hotspot\share\prims\jni.cpp, line 1112]
Event: 12.373 Thread 0x000001de7e09d240 Exception <a 'java/lang/NoSuchMethodError'{0x00000000c4a3f810}: static Lorg/apache/spark/rpc/RpcEndpointRef;.<clinit>()V> (0x00000000c4a3f810) 
thrown [s\open\src\hotspot\share\prims\jni.cpp, line 1112]
Event: 12.373 Thread 0x000001de7e09d240 Exception <a 'java/lang/NoSuchMethodError'{0x00000000c4a4c9c0}: static Lorg/apache/spark/rpc/RpcTimeout;.<clinit>()V> (0x00000000c4a4c9c0) 
thrown [s\open\src\hotspot\share\prims\jni.cpp, line 1112]
Event: 12.376 Thread 0x000001de7e09d240 Exception <a 'java/lang/NoSuchMethodError'{0x00000000c4a68ef8}: static Lscala/concurrent/duration/FiniteDuration;.<clinit>()V> (0x00000000c4a68ef8) 
thrown [s\open\src\hotspot\share\prims\jni.cpp, line 1112]
Event: 12.377 Thread 0x000001de7e09d240 Exception <a 'java/lang/NoSuchMethodError'{0x00000000c4a72c20}: static Lscala/concurrent/duration/Duration;.<clinit>()V> (0x00000000c4a72c20) 
thrown [s\open\src\hotspot\share\prims\jni.cpp, line 1112]
Event: 12.378 Thread 0x000001de7e09d240 Exception <a 'java/lang/NoSuchMethodError'{0x00000000c4a85858}: static Lorg/apache/spark/rpc/RpcEndpointAddress;.<clinit>()V> (0x00000000c4a85858) 
thrown [s\open\src\hotspot\share\prims\jni.cpp, line 1112]
Event: 12.378 Thread 0x000001de7e09d240 Exception <a 'java/lang/NoSuchMethodError'{0x00000000c4a94800}: static Lorg/apache/spark/rpc/RpcAddress;.<clinit>()V> (0x00000000c4a94800) 
thrown [s\open\src\hotspot\share\prims\jni.cpp, line 1112]
Event: 12.445 Thread 0x000001de7e09f5b0 Exception <a 'java/lang/NoSuchMethodError'{0x00000000c4aadb70}: static Lorg/apache/spark/deploy/DeployMessages$RegisteredApplication;.<clinit>()V> (0x00000000c4aadb70) 
thrown [s\open\src\hotspot\share\prims\jni.cpp, line 1112]
Event: 12.498 Thread 0x000001de7e09f5b0 Exception <a 'java/lang/NoSuchMethodError'{0x00000000c496b920}: static Lorg/apache/spark/deploy/DeployMessages$ExecutorAdded;.<clinit>()V> (0x00000000c496b920) 
thrown [s\open\src\hotspot\share\prims\jni.cpp, line 1112]
Event: 12.504 Thread 0x000001de7f2872e0 Exception <a 'java/lang/NoSuchMethodError'{0x00000000c4989fb0}: 'java.lang.Object java.lang.invoke.DirectMethodHandle$Holder.newInvokeSpecial(java.lang.Object, java.lang.Object, java.lang.Object, int, int)'> (0x00000000c4989fb0) 
thrown [s\open\src\hotspot\share\interpreter\linkResolver.cpp, line 759]
Event: 12.504 Thread 0x000001de7f2872e0 Exception <a 'java/lang/NoSuchMethodError'{0x00000000c4991580}: 'java.lang.Object java.lang.invoke.Invokers$Holder.linkToTargetMethod(java.lang.Object, java.lang.Object, int, int, java.lang.Object)'> (0x00000000c4991580) 
thrown [s\open\src\hotspot\share\interpreter\linkResolver.cpp, line 759]
Event: 12.790 Thread 0x000001de7e09f5b0 Exception <a 'java/lang/NoSuchMethodError'{0x00000000cd6ddb70}: static Lorg/apache/spark/deploy/DeployMessages$ExecutorUpdated;.<clinit>()V> (0x00000000cd6ddb70) 
thrown [s\open\src\hotspot\share\prims\jni.cpp, line 1112]
Event: 12.796 Thread 0x000001de7e09f5b0 Exception <a 'java/lang/NoSuchMethodError'{0x00000000cd50d698}: static Lscala/Enumeration;.<clinit>()V> (0x00000000cd50d698) 
thrown [s\open\src\hotspot\share\prims\jni.cpp, line 1112]
Event: 12.902 Thread 0x000001de7e09ffd0 Exception <a 'java/lang/NoSuchMethodError'{0x00000000c54a8c70}: 'java.lang.Object java.lang.invoke.DirectMethodHandle$Holder.invokeStatic(java.lang.Object, long, java.lang.Object)'> (0x00000000c54a8c70) 
thrown [s\open\src\hotspot\share\interpreter\linkResolver.cpp, line 759]

VM Operations (20 events):
Event: 8.495 Executing VM operation: HandshakeAllThreads done
Event: 8.508 Executing VM operation: HandshakeAllThreads
Event: 8.508 Executing VM operation: HandshakeAllThreads done
Event: 8.866 Executing VM operation: G1CollectForAllocation
Event: 8.871 Executing VM operation: G1CollectForAllocation done
Event: 10.882 Executing VM operation: Cleanup
Event: 10.882 Executing VM operation: Cleanup done
Event: 11.897 Executing VM operation: Cleanup
Event: 11.897 Executing VM operation: Cleanup done
Event: 12.202 Executing VM operation: HandshakeAllThreads
Event: 12.202 Executing VM operation: HandshakeAllThreads done
Event: 12.721 Executing VM operation: G1CollectForAllocation
Event: 12.724 Executing VM operation: G1CollectForAllocation done
Event: 12.787 Executing VM operation: HandshakeAllThreads
Event: 12.787 Executing VM operation: HandshakeAllThreads done
Event: 12.874 Executing VM operation: HandshakeAllThreads
Event: 12.874 Executing VM operation: HandshakeAllThreads done
Event: 13.874 Executing VM operation: Cleanup
Event: 14.072 Executing VM operation: Cleanup done
Event: 15.082 Executing VM operation: Cleanup

Events (20 events):
Event: 14.123 loading class java/lang/org
Event: 14.123 loading class java/lang/org done
Event: 14.126 loading class java/lang/org
Event: 14.126 loading class java/lang/org done
Event: 14.130 loading class java/lang/org
Event: 14.130 loading class java/lang/org done
Event: 14.133 loading class java/lang/org
Event: 14.133 loading class java/lang/org done
Event: 14.136 loading class java/lang/org
Event: 14.136 loading class java/lang/org done
Event: 14.139 loading class java/lang/org
Event: 14.139 loading class java/lang/org done
Event: 14.150 loading class java/lang/org
Event: 14.150 loading class java/lang/org done
Event: 14.156 loading class java/io/FileFilter
Event: 14.156 loading class java/io/FileFilter done
Event: 14.157 loading class java/lang/SparkSession
Event: 14.157 loading class java/lang/SparkSession done
Event: 14.237 loading class java/lang/SparkSession
Event: 14.237 loading class java/lang/SparkSession done


Dynamic libraries:
0x00007ff6c3d50000 - 0x00007ff6c3d60000 	C:\Program Files\Java\jdk-17\bin\java.exe
0x00007ffa08100000 - 0x00007ffa08363000 	C:\WINDOWS\SYSTEM32\ntdll.dll
0x00007ffa05f70000 - 0x00007ffa06037000 	C:\WINDOWS\System32\KERNEL32.DLL
0x00007ffa053c0000 - 0x00007ffa05789000 	C:\WINDOWS\System32\KERNELBASE.dll
0x00007ffa05bb0000 - 0x00007ffa05cfc000 	C:\WINDOWS\System32\ucrtbase.dll
0x00007ff9d02c0000 - 0x00007ff9d02d9000 	C:\Program Files\Java\jdk-17\bin\jli.dll
0x00007ff9d02a0000 - 0x00007ff9d02bb000 	C:\Program Files\Java\jdk-17\bin\VCRUNTIME140.dll
0x00007ffa06670000 - 0x00007ffa06722000 	C:\WINDOWS\System32\ADVAPI32.dll
0x00007ffa07e20000 - 0x00007ffa07ec9000 	C:\WINDOWS\System32\msvcrt.dll
0x00007ffa06bc0000 - 0x00007ffa06c66000 	C:\WINDOWS\System32\sechost.dll
0x00007ffa07d00000 - 0x00007ffa07e16000 	C:\WINDOWS\System32\RPCRT4.dll
0x00007ffa07ef0000 - 0x00007ffa080ba000 	C:\WINDOWS\System32\USER32.dll
0x00007ffa05a40000 - 0x00007ffa05a67000 	C:\WINDOWS\System32\win32u.dll
0x00007ffa07cd0000 - 0x00007ffa07cfa000 	C:\WINDOWS\System32\GDI32.dll
0x00007ffa05a70000 - 0x00007ffa05ba1000 	C:\WINDOWS\System32\gdi32full.dll
0x00007ff9e5590000 - 0x00007ff9e5820000 	C:\WINDOWS\WinSxS\amd64_microsoft.windows.common-controls_6595b64144ccf1df_6.0.26100.3323_none_3e088096e3344490\COMCTL32.dll
0x00007ffa05d00000 - 0x00007ffa05da3000 	C:\WINDOWS\System32\msvcp_win.dll
0x00007ff9f1310000 - 0x00007ff9f131b000 	C:\WINDOWS\SYSTEM32\VERSION.dll
0x00007ffa06530000 - 0x00007ffa0655f000 	C:\WINDOWS\System32\IMM32.DLL
0x00007ffa00080000 - 0x00007ffa0008c000 	C:\Program Files\Java\jdk-17\bin\vcruntime140_1.dll
0x00007ff9c7e10000 - 0x00007ff9c7e9e000 	C:\Program Files\Java\jdk-17\bin\msvcp140.dll
0x00007ff96eeb0000 - 0x00007ff96fa91000 	C:\Program Files\Java\jdk-17\bin\server\jvm.dll
0x00007ffa07ee0000 - 0x00007ffa07ee8000 	C:\WINDOWS\System32\PSAPI.DLL
0x00007ff9f99e0000 - 0x00007ff9f9a16000 	C:\WINDOWS\SYSTEM32\WINMM.dll
0x00007ff9d9740000 - 0x00007ff9d974a000 	C:\WINDOWS\SYSTEM32\WSOCK32.dll
0x00007ffa06f40000 - 0x00007ffa06fb4000 	C:\WINDOWS\System32\WS2_32.dll
0x00007ffa04120000 - 0x00007ffa0413a000 	C:\WINDOWS\SYSTEM32\kernel.appcore.dll
0x00007ff9d24a0000 - 0x00007ff9d24aa000 	C:\Program Files\Java\jdk-17\bin\jimage.dll
0x00007ffa02b50000 - 0x00007ffa02d91000 	C:\WINDOWS\SYSTEM32\DBGHELP.DLL
0x00007ffa061a0000 - 0x00007ffa06522000 	C:\WINDOWS\System32\combase.dll
0x00007ffa067c0000 - 0x00007ffa06896000 	C:\WINDOWS\System32\OLEAUT32.dll
0x00007ff9be600000 - 0x00007ff9be639000 	C:\WINDOWS\SYSTEM32\dbgcore.DLL
0x00007ffa05790000 - 0x00007ffa05829000 	C:\WINDOWS\System32\bcryptPrimitives.dll
0x00007ff9d0270000 - 0x00007ff9d0295000 	C:\Program Files\Java\jdk-17\bin\java.dll
0x00007ff9af760000 - 0x00007ff9af837000 	C:\Program Files\Java\jdk-17\bin\jsvml.dll
0x00007ffa075a0000 - 0x00007ffa07cb5000 	C:\WINDOWS\System32\SHELL32.dll
0x00007ffa05db0000 - 0x00007ffa05f18000 	C:\WINDOWS\System32\wintypes.dll
0x00007ffa02fb0000 - 0x00007ffa037f5000 	C:\WINDOWS\SYSTEM32\windows.storage.dll
0x00007ffa06c70000 - 0x00007ffa06d5b000 	C:\WINDOWS\System32\SHCORE.dll
0x00007ffa065d0000 - 0x00007ffa0662d000 	C:\WINDOWS\System32\shlwapi.dll
0x00007ffa05210000 - 0x00007ffa0523f000 	C:\WINDOWS\SYSTEM32\profapi.dll
0x00007ff9c7ed0000 - 0x00007ff9c7ee9000 	C:\Program Files\Java\jdk-17\bin\net.dll
0x00007ff9fb110000 - 0x00007ff9fb22e000 	C:\WINDOWS\SYSTEM32\WINHTTP.dll
0x00007ffa04640000 - 0x00007ffa046aa000 	C:\WINDOWS\system32\mswsock.dll
0x00007ff9c7df0000 - 0x00007ff9c7e06000 	C:\Program Files\Java\jdk-17\bin\nio.dll
0x00007ff9c70f0000 - 0x00007ff9c7108000 	C:\Program Files\Java\jdk-17\bin\zip.dll
0x00007ff9d0210000 - 0x00007ff9d021a000 	C:\Program Files\Java\jdk-17\bin\management.dll
0x00007ff9ce240000 - 0x00007ff9ce24b000 	C:\Program Files\Java\jdk-17\bin\management_ext.dll
0x00007ff9d19a0000 - 0x00007ff9d19b8000 	C:\WINDOWS\system32\napinsp.dll
0x00007ffa03c90000 - 0x00007ffa03db5000 	C:\WINDOWS\SYSTEM32\DNSAPI.dll
0x00007ffa03c50000 - 0x00007ffa03c83000 	C:\WINDOWS\SYSTEM32\IPHLPAPI.DLL
0x00007ffa06660000 - 0x00007ffa0666a000 	C:\WINDOWS\System32\NSI.dll
0x00007ff9d1980000 - 0x00007ff9d1992000 	C:\WINDOWS\System32\winrnr.dll
0x00007ff9d1950000 - 0x00007ff9d1972000 	C:\WINDOWS\system32\nlansp_c.dll
0x00007ff9f4630000 - 0x00007ff9f4646000 	C:\WINDOWS\system32\wshbth.dll
0x00007ff9f8b90000 - 0x00007ff9f8b9b000 	C:\Windows\System32\rasadhlp.dll
0x00007ff9fe8a0000 - 0x00007ff9fe925000 	C:\WINDOWS\System32\fwpuclnt.dll
0x00007ffa048e0000 - 0x00007ffa048fc000 	C:\WINDOWS\SYSTEM32\CRYPTSP.dll
0x00007ffa04080000 - 0x00007ffa040ba000 	C:\WINDOWS\system32\rsaenh.dll
0x00007ffa046e0000 - 0x00007ffa0470b000 	C:\WINDOWS\SYSTEM32\USERENV.dll
0x00007ffa04b20000 - 0x00007ffa04b46000 	C:\WINDOWS\SYSTEM32\bcrypt.dll
0x00007ffa04900000 - 0x00007ffa0490c000 	C:\WINDOWS\SYSTEM32\CRYPTBASE.dll
0x00007ff9fe1a0000 - 0x00007ff9fe1bf000 	C:\WINDOWS\SYSTEM32\dhcpcsvc6.DLL
0x00007ff9fdf90000 - 0x00007ff9fdfb5000 	C:\WINDOWS\SYSTEM32\dhcpcsvc.DLL
0x00007ff9cd900000 - 0x00007ff9cd910000 	C:\Program Files\Java\jdk-17\bin\verify.dll
0x00007ff9c0fb0000 - 0x00007ff9c0fca000 	D:\hadoop\bin\hadoop.dll
0x00007ffa03ae0000 - 0x00007ffa03b30000 	C:\WINDOWS\SYSTEM32\AUTHZ.dll
0x00007ff9f1330000 - 0x00007ff9f134a000 	C:\WINDOWS\SYSTEM32\NETAPI32.dll
0x00007ffa03970000 - 0x00007ffa0397d000 	C:\WINDOWS\SYSTEM32\NETUTILS.DLL
0x00007ffa03c00000 - 0x00007ffa03c1b000 	C:\WINDOWS\SYSTEM32\SAMCLI.DLL
0x00007ff9cd300000 - 0x00007ff9cd309000 	C:\Program Files\Java\jdk-17\bin\jaas.dll
0x00007ff9c5b10000 - 0x00007ff9c5b1e000 	C:\Program Files\Java\jdk-17\bin\sunmscapi.dll
0x00007ffa058c0000 - 0x00007ffa05a37000 	C:\WINDOWS\System32\CRYPT32.dll
0x00007ffa04ae0000 - 0x00007ffa04b10000 	C:\WINDOWS\SYSTEM32\ncrypt.dll
0x00007ffa04a90000 - 0x00007ffa04acf000 	C:\WINDOWS\SYSTEM32\NTASN1.dll
0x00007ff9cfe00000 - 0x00007ff9cfe08000 	C:\WINDOWS\system32\wshunix.dll
0x00007ffa04240000 - 0x00007ffa04275000 	C:\WINDOWS\SYSTEM32\ntmarta.dll

dbghelp: loaded successfully - version: 4.0.5 - missing functions: none
symbol engine: initialized successfully - sym options: 0x614 - pdb path: .;C:\Program Files\Java\jdk-17\bin;C:\WINDOWS\SYSTEM32;C:\WINDOWS\WinSxS\amd64_microsoft.windows.common-controls_6595b64144ccf1df_6.0.26100.3323_none_3e088096e3344490;C:\Program Files\Java\jdk-17\bin\server;D:\hadoop\bin

VM Arguments:
jvm_args: -Xmx1g -XX:+IgnoreUnrecognizedVMOptions --add-opens=java.base/java.lang=ALL-UNNAMED --add-opens=java.base/java.lang.invoke=ALL-UNNAMED --add-opens=java.base/java.lang.reflect=ALL-UNNAMED --add-opens=java.base/java.io=ALL-UNNAMED --add-opens=java.base/java.net=ALL-UNNAMED --add-opens=java.base/java.nio=ALL-UNNAMED --add-opens=java.base/java.util=ALL-UNNAMED --add-opens=java.base/java.util.concurrent=ALL-UNNAMED --add-opens=java.base/java.util.concurrent.atomic=ALL-UNNAMED --add-opens=java.base/sun.nio.ch=ALL-UNNAMED --add-opens=java.base/sun.nio.cs=ALL-UNNAMED --add-opens=java.base/sun.security.action=ALL-UNNAMED --add-opens=java.base/sun.util.calendar=ALL-UNNAMED --add-opens=java.security.jgss/sun.security.krb5=ALL-UNNAMED -Djdk.reflect.useDirectMethodHandle=false 
java_command: org.apache.spark.deploy.SparkSubmit --master spark://localhost:7077 --packages org.apache.spark:spark-sql-kafka-0-10_2.12:3.4.1,com.datastax.spark:spark-cassandra-connector_2.12:3.4.1 spark_stream.py
java_class_path (initial): D:\spark\bin\..\conf\;D:\spark\jars\activation-1.1.1.jar;D:\spark\jars\aircompressor-0.21.jar;D:\spark\jars\algebra_2.12-2.0.1.jar;D:\spark\jars\annotations-17.0.0.jar;D:\spark\jars\antlr-runtime-3.5.2.jar;D:\spark\jars\antlr4-runtime-4.9.3.jar;D:\spark\jars\aopalliance-repackaged-2.6.1.jar;D:\spark\jars\arpack-3.0.3.jar;D:\spark\jars\arpack_combined_all-0.1.jar;D:\spark\jars\arrow-format-11.0.0.jar;D:\spark\jars\arrow-memory-core-11.0.0.jar;D:\spark\jars\arrow-memory-netty-11.0.0.jar;D:\spark\jars\arrow-vector-11.0.0.jar;D:\spark\jars\audience-annotations-0.5.0.jar;D:\spark\jars\avro-1.11.1.jar;D:\spark\jars\avro-ipc-1.11.1.jar;D:\spark\jars\avro-mapred-1.11.1.jar;D:\spark\jars\blas-3.0.3.jar;D:\spark\jars\bonecp-0.8.0.RELEASE.jar;D:\spark\jars\breeze-macros_2.12-2.1.0.jar;D:\spark\jars\breeze_2.12-2.1.0.jar;D:\spark\jars\cats-kernel_2.12-2.1.1.jar;D:\spark\jars\chill-java-0.10.0.jar;D:\spark\jars\chill_2.12-0.10.0.jar;D:\spark\jars\commons-cli-1.5.0.jar;D:\spark\jars\commons-codec-1.15.jar;D:\spark\jars\commons-collections-3.2.2.jar;D:\spark\jars\commons-collections4-4.4.jar;D:\spark\jars\commons-compiler-3.1.9.jar;D:\spark\jars\commons-compress-1.22.jar;D:\spark\jars\commons-crypto-1.1.0.jar;D:\spark\jars\commons-dbcp-1.4.jar;D:\spark\jars\commons-io-2.11.0.jar;D:\spark\jars\commons-lang-2.6.jar;D:\spark\jars\commons-lang3-3.12.0.jar;D:\spark\jars\commons-logging-1.1.3.jar;D:\spark\jars\commons-math3-3.6.1.jar;D:\spark\jars\commons-pool-1.5.4.jar;D:\spark\jars\commons-text-1.10.0.jar;D:\spark\jars\compress-lzf-1.1.2.jar;D:\spark\jars\curator-client-2.13.0.jar;D:\spark\jars\curator-framework-2.13.0.jar;D:\spark\jars\curator-recipes-2.13.0.jar;D:\spark\jars\datanucleus-api-jdo-4.2.4.jar;D:\spark\jars\datanucleus-core-4.1.17.jar;D:\spark\jars\datanucleus-rdbms-4.1.19.jar;D:\spark\jars\derby-10.14.2.0.jar;D:\spark\jars\dropwizard-metrics-hadoop-metrics2-reporter-0.1.2.jar;D:\spark\jars\flatbuffers-java-1.12.0.jar;D:\spark\jars\gson-2.2.4.
Launcher Type: SUN_STANDARD

[Global flags]
     intx CICompilerCount                          = 12                                        {product} {ergonomic}
     uint ConcGCThreads                            = 3                                         {product} {ergonomic}
     uint G1ConcRefinementThreads                  = 13                                        {product} {ergonomic}
   size_t G1HeapRegionSize                         = 1048576                                   {product} {ergonomic}
    uintx GCDrainStackTargetSize                   = 64                                        {product} {ergonomic}
     bool IgnoreUnrecognizedVMOptions              = true                                      {product} {command line}
   size_t InitialHeapSize                          = 264241152                                 {product} {ergonomic}
   size_t MarkStackSize                            = 4194304                                   {product} {ergonomic}
   size_t MaxHeapSize                              = 1073741824                                {product} {command line}
   size_t MaxNewSize                               = 643825664                                 {product} {ergonomic}
   size_t MinHeapDeltaBytes                        = 1048576                                   {product} {ergonomic}
   size_t MinHeapSize                              = 8388608                                   {product} {ergonomic}
    uintx NonNMethodCodeHeapSize                   = 7602480                                {pd product} {ergonomic}
    uintx NonProfiledCodeHeapSize                  = 122027880                              {pd product} {ergonomic}
    uintx ProfiledCodeHeapSize                     = 122027880                              {pd product} {ergonomic}
    uintx ReservedCodeCacheSize                    = 251658240                              {pd product} {ergonomic}
     bool SegmentedCodeCache                       = true                                      {product} {ergonomic}
   size_t SoftMaxHeapSize                          = 1073741824                             {manageable} {ergonomic}
     bool UseCompressedClassPointers               = true                           {product lp64_product} {ergonomic}
     bool UseCompressedOops                        = true                           {product lp64_product} {ergonomic}
     bool UseG1GC                                  = true                                      {product} {ergonomic}
     bool UseLargePagesIndividualAllocation        = false                                  {pd product} {ergonomic}

Logging:
Log output configuration:
 #0: stdout all=warning uptime,level,tags
 #1: stderr all=off uptime,level,tags

Environment Variables:
JAVA_HOME=C:\Program Files\Java\jdk-17
PATH=D:\data engineering\streaming\local_docker_kafka\local_docker_kafka_project1\Scripts;C:\Program Files\Common Files\Oracle\Java\javapath;C:\Program Files\Microsoft SDKs\Azure\CLI2\wbin;C:\ffmpeg\bin;C:\Program Files (x86)\Common Files\Oracle\Java\javapath;C:\Program Files\ImageMagick-6.9.12-Q16;C:\Windows\system32;C:\Windows;C:\Windows\System32\Wbem;C:\Windows\System32\WindowsPowerShell\v1.0\;C:\Windows\System32\OpenSSH\;C:\Program Files\dotnet\;C:\Program Files\gs\gs10.00.0\bin;C:\Program Files\nodejs\;C:\Program Files (x86)\dotnet\;C:\Program Files (x86)\Microsoft SQL Server\160\DTS\Binn\;C:\Program Files\Azure Data Studio\bin;C:\Program Files (x86)\Microsoft SQL Server\160\Tools\Binn\;C:\Program Files\Microsoft SQL Server\160\Tools\Binn\;C:\Program Files\Microsoft SQL Server\Client SDK\ODBC\170\Tools\Binn\;C:\Program Files\Microsoft SQL Server\160\DTS\Binn\;C:\Users\Shiju\AppData\Local\Programs\Python\Python310\Scripts\;C:\Users\Shiju\AppData\Local\Programs\Python\Python310\;C:\Users\Shiju\AppData\Local\Microsoft\WindowsApps;C:\Users\Shiju\AppData\Local\Programs\Microsoft VS Code\bin;C:\Users\Shiju\AppData\Local\Programs\MiKTeX\miktex\bin\x64\;C:\Program Files\Graphviz\bin;C:\Users\Shi;C:\Program Files\Git\cmd;C:\Program Files\Microsoft SQL Server\150\Tools\Binn\;C:\Program Files\Microsoft SQL Server\140\DTS\Binn\;C:\Program Files\Microsoft SQL Server\150\DTS\Binn\;C:\Program Files\Microsoft SQL Server\130\DTS\Binn\;C:\Program Files\Tesseract-OCR;C:\Program Files\PuTTY\;C:\Program Files (x86)\Windows Kits\10\Windows Performance Toolkit\;C:\WINDOWS\system32;C:\WINDOWS;C:\WINDOWS\System32\Wbem;C:\WINDOWS\System32\WindowsPowerShell\v1.0\;C:\WINDOWS\System32\OpenSSH\;C:\Program Files\Docker\Docker\resources\bin;C:\Program Files\Amazon\AWSCLIV2\;C:\Program Files\RedHat\Podman\;C:\Users\Shiju\AppData\Local\Programs\Python\Python310;C:\Users\Shiju\AppData\Local\Programs\Python\Python310\Scripts;D:\hadoop\bin;D:\spark\bin;C:\Program Files\Java\jdk-17\bin;C:\Users\Shiju\
USERNAME=Shiju
LANG=en_US.UTF-8
OS=Windows_NT
PROCESSOR_IDENTIFIER=Intel64 Family 6 Model 154 Stepping 3, GenuineIntel



---------------  S Y S T E M  ---------------

OS:
 Windows 11 , 64 bit Build 26100 (10.0.26100.3323)
OS uptime: 0 days 22:03 hours
Hyper-V role detected

CPU: total 16 (initial active 16) (8 cores per cpu, 2 threads per core) family 6 model 154 stepping 3 microcode 0x429, cx8, cmov, fxsr, ht, mmx, 3dnowpref, sse, sse2, sse3, ssse3, sse4.1, sse4.2, popcnt, lzcnt, tsc, tscinvbit, avx, avx2, aes, erms, clmul, bmi1, bmi2, adx, sha, fma, vzeroupper, clflush, clflushopt, clwb, hv

Memory: 4k page, system-wide physical 16059M (3353M free)
TotalPageFile size 28859M (AvailPageFile size 2M)
current process WorkingSet (physical memory assigned to process): 248M, peak: 258M
current process commit charge ("private bytes"): 303M, peak: 421M

vm_info: Java HotSpot(TM) 64-Bit Server VM (17.0.13+10-LTS-268) for windows-amd64 JRE (17.0.13+10-LTS-268), built on Sep 30 2024 06:33:13 by "mach5one" with MS VC++ 17.6 (VS2022)

END.
